<?xml version="1.0" encoding="UTF-8"?>
<!-- Generated by org.testng.reporters.JUnitXMLReporter -->
<testsuite hostname="MavericSystems" ignored="0" name="Test-method test" tests="2" failures="0" timestamp="2020-07-02T23:56:09 IST" time="0.071" errors="0">
  <testcase name="testMethodsTwo" time="0.012" classname="com.calculator2.f_Implement_Report_Parallel"/>
  <testcase name="testMethodsOne" time="0.012" classname="com.calculator2.f_Implement_Report_Parallel"/>
</testsuite> <!-- Test-method test -->
