<?xml version="1.0" encoding="UTF-8"?>
<!-- Generated by org.testng.reporters.JUnitReportReporter -->
<testsuite skipped="0" hostname="MavericSystems" name="com.calculator2.b_Implement_Provider" tests="9" failures="0" timestamp="2020-07-02T00:07:12 IST" time="0.026" errors="0">
  <testcase name="testMultiplyMethod" time="0.002" classname="com.calculator2.b_Implement_Provider"/>
  <system-out/>
  <testcase name="testAddMethod" time="0.002" classname="com.calculator2.b_Implement_Provider"/>
  <system-out/>
  <testcase name="testMultiplyMethod" time="0.002" classname="com.calculator2.b_Implement_Provider"/>
  <system-out/>
  <testcase name="testSubtractMethod" time="0.001" classname="com.calculator2.b_Implement_Provider"/>
  <system-out/>
  <testcase name="testSubtractMethod" time="0.002" classname="com.calculator2.b_Implement_Provider"/>
  <system-out/>
  <testcase name="testSubtractMethod" time="0.001" classname="com.calculator2.b_Implement_Provider"/>
  <system-out/>
  <testcase name="testAddMethod" time="0.002" classname="com.calculator2.b_Implement_Provider"/>
  <system-out/>
  <testcase name="testAddMethod" time="0.013" classname="com.calculator2.b_Implement_Provider"/>
  <system-out/>
  <testcase name="testMultiplyMethod" time="0.001" classname="com.calculator2.b_Implement_Provider"/>
  <system-out/>
</testsuite> <!-- com.calculator2.b_Implement_Provider -->
