<?xml version="1.0" encoding="UTF-8"?>
<!-- Generated by org.testng.reporters.JUnitReportReporter -->
<testsuite skipped="0" hostname="MavericSystems" name="com.calculator2.TestNG_DataProviders" tests="3" failures="0" timestamp="2020-07-01T23:53:10 IST" time="0.013" errors="0">
  <testcase name="testMethod1" time="0.002" classname="com.calculator2.TestNG_DataProviders"/>
  <system-out/>
  <testcase name="testMethod1" time="0.008" classname="com.calculator2.TestNG_DataProviders"/>
  <system-out/>
  <testcase name="testMethod1" time="0.003" classname="com.calculator2.TestNG_DataProviders"/>
  <system-out/>
</testsuite> <!-- com.calculator2.TestNG_DataProviders -->
