<?xml version="1.0" encoding="UTF-8"?>
<!-- Generated by org.testng.reporters.JUnitReportReporter -->
<testsuite skipped="0" hostname="MavericSystems" name="com.calculator2.TestNGDataProviderExample" tests="3" failures="0" timestamp="2020-07-01T23:59:56 IST" time="0.017" errors="0">
  <testcase name="testAddMethod" time="0.002" classname="com.calculator2.TestNGDataProviderExample"/>
  <system-out/>
  <testcase name="testAddMethod" time="0.003" classname="com.calculator2.TestNGDataProviderExample"/>
  <system-out/>
  <testcase name="testAddMethod" time="0.012" classname="com.calculator2.TestNGDataProviderExample"/>
  <system-out/>
</testsuite> <!-- com.calculator2.TestNGDataProviderExample -->
