<?xml version="1.0" encoding="UTF-8"?>
<!-- Generated by org.testng.reporters.JUnitReportReporter -->
<testsuite skipped="0" hostname="MavericSystems" name="com.calculator2.Caltor" tests="1" failures="0" timestamp="2020-07-01T23:04:24 IST" time="0.030" errors="0">
  <testcase name="calculation" time="0.030" classname="com.calculator2.Caltor"/>
  <system-out/>
</testsuite> <!-- com.calculator2.Caltor -->
