<?xml version="1.0" encoding="UTF-8"?>
<!-- Generated by org.testng.reporters.JUnitReportReporter -->
<testsuite skipped="0" hostname="MavericSystems" name="com.calculator2.f_Implement_Report_Parallel" tests="2" failures="0" timestamp="2020-07-02T23:56:10 IST" time="0.024" errors="0">
  <testcase name="testMethodsTwo" time="0.012" classname="com.calculator2.f_Implement_Report_Parallel"/>
  <system-out>
TestNG_ReportsAndLogs -> -------Pass------  </system-out>
  <testcase name="testMethodsOne" time="0.012" classname="com.calculator2.f_Implement_Report_Parallel"/>
  <system-out>
TestNG_ReportsAndLogs -> -------Pass------  </system-out>
</testsuite> <!-- com.calculator2.f_Implement_Report_Parallel -->
