<?xml version="1.0" encoding="UTF-8"?>
<!-- Generated by org.testng.reporters.JUnitReportReporter -->
<testsuite skipped="0" hostname="MavericSystems" name="com.calculator2.c_Implement_Parameters" tests="2" failures="0" timestamp="2020-07-02T19:03:12 IST" time="0.021" errors="0">
  <testcase name="testCaseOne" time="0.018" classname="com.calculator2.c_Implement_Parameters"/>
  <system-out/>
  <testcase name="testCaseTwo" time="0.003" classname="com.calculator2.c_Implement_Parameters"/>
  <system-out/>
</testsuite> <!-- com.calculator2.c_Implement_Parameters -->
