<?xml version="1.0" encoding="UTF-8"?>
<!-- Generated by org.testng.reporters.JUnitReportReporter -->
<testsuite skipped="0" hostname="MavericSystems" name="com.calculator2.a_Implement_TestNG" tests="4" failures="0" timestamp="2020-07-02T23:52:00 IST" time="0.022" errors="0">
  <testcase name="calculation1" time="0.011" classname="com.calculator2.a_Implement_TestNG"/>
  <system-out/>
  <testcase name="calculation2" time="0.002" classname="com.calculator2.a_Implement_TestNG"/>
  <system-out/>
  <testcase name="calculation3" time="0.004" classname="com.calculator2.a_Implement_TestNG"/>
  <system-out/>
  <testcase name="calculation4" time="0.005" classname="com.calculator2.a_Implement_TestNG"/>
  <system-out/>
</testsuite> <!-- com.calculator2.a_Implement_TestNG -->
