<?xml version="1.0" encoding="UTF-8"?>
<!-- Generated by org.testng.reporters.JUnitReportReporter -->
<testsuite skipped="0" hostname="MavericSystems" name="com.calculator2.d_Implement_Group" tests="2" failures="0" timestamp="2020-07-03T00:07:08 IST" time="0.015" errors="0">
  <testcase name="calculation2" time="0.013" classname="com.calculator2.d_Implement_Group"/>
  <system-out/>
  <testcase name="calculation3" time="0.002" classname="com.calculator2.d_Implement_Group"/>
  <system-out/>
</testsuite> <!-- com.calculator2.d_Implement_Group -->
