<?xml version="1.0" encoding="UTF-8"?>
<!-- Generated by org.testng.reporters.JUnitReportReporter -->
<testsuite skipped="0" hostname="MavericSystems" name="com.calculator2.f_Implement_Parallel" tests="2" failures="0" timestamp="2020-07-02T23:54:31 IST" time="0.012" errors="0">
  <testcase name="testMethodsTwo" time="0.002" classname="com.calculator2.f_Implement_Parallel"/>
  <system-out>
TestNG_ReportsAndLogs -> -------Pass------  </system-out>
  <testcase name="testMethodsOne" time="0.010" classname="com.calculator2.f_Implement_Parallel"/>
  <system-out>
TestNG_ReportsAndLogs -> -------Pass------  </system-out>
</testsuite> <!-- com.calculator2.f_Implement_Parallel -->
